<?xml version="1.0" encoding="UTF-8"?>
<!-- Generated by org.testng.reporters.JUnitReportReporter -->
<testsuite hostname="DESKTOP-3JIROFD" failures="0" tests="1" name="FirstTest" time="13.268" errors="0" timestamp="17 Nov 2019 17:26:11 GMT">
  <testcase classname="FirstTest" name="verifyHomePage_1" time="13.268"/>
</testsuite> <!-- FirstTest -->
